<?xml version="1.0" encoding="UTF-8" ?>
<testsuite tests="105" failures="0" name="core.JUnitParameterization40.PrimeNumberCheckerTest" time="0.038" errors="0" skipped="0">
  <properties>
    <property name="java.runtime.name" value="Java(TM) SE Runtime Environment"/>
    <property name="sun.boot.library.path" value="C:\Program Files\Java\jre1.8.0_25\bin"/>
    <property name="java.vm.version" value="25.25-b02"/>
    <property name="java.vm.vendor" value="Oracle Corporation"/>
    <property name="java.vendor.url" value="http://java.oracle.com/"/>
    <property name="path.separator" value=";"/>
    <property name="guice.disable.misplaced.annotation.check" value="true"/>
    <property name="java.vm.name" value="Java HotSpot(TM) 64-Bit Server VM"/>
    <property name="file.encoding.pkg" value="sun.io"/>
    <property name="user.script" value=""/>
    <property name="user.country" value="US"/>
    <property name="sun.java.launcher" value="SUN_STANDARD"/>
    <property name="sun.os.patch.level" value="Service Pack 1"/>
    <property name="java.vm.specification.name" value="Java Virtual Machine Specification"/>
    <property name="user.dir" value="C:\Workspace1\JUnitParameterization40"/>
    <property name="java.runtime.version" value="1.8.0_25-b18"/>
    <property name="java.awt.graphicsenv" value="sun.awt.Win32GraphicsEnvironment"/>
    <property name="java.endorsed.dirs" value="C:\Program Files\Java\jre1.8.0_25\lib\endorsed"/>
    <property name="os.arch" value="amd64"/>
    <property name="java.io.tmpdir" value="C:\Users\CYDOBO~1\AppData\Local\Temp\"/>
    <property name="line.separator" value="
"/>
    <property name="java.vm.specification.vendor" value="Oracle Corporation"/>
    <property name="user.variant" value=""/>
    <property name="os.name" value="Windows 7"/>
    <property name="classworlds.conf" value="C:\Workspace1\.metadata\.plugins\org.eclipse.m2e.launching\launches\m2conf4947086894975523680.tmp"/>
    <property name="sun.jnu.encoding" value="Cp1252"/>
    <property name="java.library.path" value="C:\Program Files\Java\jre1.8.0_25\bin;C:\Windows\Sun\Java\bin;C:\Windows\system32;C:\Windows;C:/Program Files/Java/jre1.8.0_25/bin/server;C:/Program Files/Java/jre1.8.0_25/bin;C:/Program Files/Java/jre1.8.0_25/lib/amd64;C:\ProgramData\Oracle\Java\javapath;C:\Windows\system32;C:\Windows;C:\Windows\System32\Wbem;C:\Windows\System32\WindowsPowerShell\v1.0\;c:\Program Files (x86)\ATI Technologies\ATI.ACE\Core-Static;%M2%;C:\Program Files (x86)\QuickTime\QTSystem\;C:\Program Files (x86)\Git\bin;C:\Program Files (x86)\Git\cmd;C:\Program Files\Java\jdk1.8.0_25\bin;C:\Maven\apache-maven-3.2.5-bin\apache-maven-3.2.5\bin;C:\ProgramData\Oracle\Java\javapath;C:\Windows\system32;C:\Windows;C:\Windows\System32\Wbem;C:\Windows\System32\WindowsPowerShell\v1.0\;c:\Program Files (x86)\ATI Technologies\ATI.ACE\Core-Static;%M2%;C:\Program Files (x86)\QuickTime\QTSystem\;C:\Program Files (x86)\Git\bin;C:\Program Files (x86)\Git\cmd;C:\Users\C YDOBOLCTBNEM\Documents\JAR FILES (DRUG AND DROP) Selenium WebDriver Eclipse Java SET UP\eclipse-standard-luna-R-win32-x86_64\eclipse;;."/>
    <property name="java.specification.name" value="Java Platform API Specification"/>
    <property name="java.class.version" value="52.0"/>
    <property name="sun.management.compiler" value="HotSpot 64-Bit Tiered Compilers"/>
    <property name="os.version" value="6.1"/>
    <property name="user.home" value="C:\Users\C YDOBOLCTBNEM"/>
    <property name="user.timezone" value="America/Los_Angeles"/>
    <property name="java.awt.printerjob" value="sun.awt.windows.WPrinterJob"/>
    <property name="java.specification.version" value="1.8"/>
    <property name="file.encoding" value="Cp1252"/>
    <property name="user.name" value="C YDOBOLCTBNEM"/>
    <property name="java.class.path" value="/C:/Users/C YDOBOLCTBNEM/Documents/JAR FILES (DRUG AND DROP) Selenium WebDriver Eclipse Java SET UP/eclipse-standard-luna-R-win32-x86_64/eclipse/plugins/org.eclipse.m2e.maven.runtime_1.5.0.20140605-2032/jars/plexus-classworlds-2.5.1.jar"/>
    <property name="org.slf4j.simpleLogger.defaultLogLevel" value="info"/>
    <property name="java.vm.specification.version" value="1.8"/>
    <property name="sun.arch.data.model" value="64"/>
    <property name="java.home" value="C:\Program Files\Java\jre1.8.0_25"/>
    <property name="sun.java.command" value="org.codehaus.plexus.classworlds.launcher.Launcher -B site"/>
    <property name="java.specification.vendor" value="Oracle Corporation"/>
    <property name="user.language" value="en"/>
    <property name="awt.toolkit" value="sun.awt.windows.WToolkit"/>
    <property name="java.vm.info" value="mixed mode"/>
    <property name="java.version" value="1.8.0_25"/>
    <property name="java.ext.dirs" value="C:\Program Files\Java\jre1.8.0_25\lib\ext;C:\Windows\Sun\Java\lib\ext"/>
    <property name="sun.boot.class.path" value="C:\Program Files\Java\jre1.8.0_25\lib\resources.jar;C:\Program Files\Java\jre1.8.0_25\lib\rt.jar;C:\Program Files\Java\jre1.8.0_25\lib\sunrsasign.jar;C:\Program Files\Java\jre1.8.0_25\lib\jsse.jar;C:\Program Files\Java\jre1.8.0_25\lib\jce.jar;C:\Program Files\Java\jre1.8.0_25\lib\charsets.jar;C:\Program Files\Java\jre1.8.0_25\lib\jfr.jar;C:\Program Files\Java\jre1.8.0_25\classes"/>
    <property name="java.vendor" value="Oracle Corporation"/>
    <property name="maven.home" value="C:\Workspace1\JUnitParameterization40\EMBEDDED"/>
    <property name="file.separator" value="\"/>
    <property name="java.vendor.url.bug" value="http://bugreport.sun.com/bugreport/"/>
    <property name="sun.cpu.endian" value="little"/>
    <property name="sun.io.unicode.encoding" value="UnicodeLittle"/>
    <property name="sun.desktop" value="windows"/>
    <property name="sun.cpu.isalist" value="amd64"/>
  </properties>
  <testcase classname="core.JUnitParameterization40.PrimeNumberCheckerTest" name="testPrimeNumberChecker[Iteration # 0: Number: 1; isPrime? true; WTF {2}]" time="0.007"/>
  <testcase classname="core.JUnitParameterization40.PrimeNumberCheckerTest" name="testPrimeNumberChecker[Iteration # 1: Number: 2; isPrime? true; WTF {2}]" time="0"/>
  <testcase classname="core.JUnitParameterization40.PrimeNumberCheckerTest" name="testPrimeNumberChecker[Iteration # 2: Number: 6; isPrime? false; WTF {2}]" time="0"/>
  <testcase classname="core.JUnitParameterization40.PrimeNumberCheckerTest" name="testPrimeNumberChecker[Iteration # 3: Number: 19; isPrime? true; WTF {2}]" time="0"/>
  <testcase classname="core.JUnitParameterization40.PrimeNumberCheckerTest" name="testPrimeNumberChecker[Iteration # 4: Number: 22; isPrime? false; WTF {2}]" time="0"/>
  <testcase classname="core.JUnitParameterization40.PrimeNumberCheckerTest" name="testPrimeNumberChecker[Iteration # 5: Number: 1; isPrime? true; WTF {2}]" time="0"/>
  <testcase classname="core.JUnitParameterization40.PrimeNumberCheckerTest" name="testPrimeNumberChecker[Iteration # 6: Number: 2; isPrime? true; WTF {2}]" time="0"/>
  <testcase classname="core.JUnitParameterization40.PrimeNumberCheckerTest" name="testPrimeNumberChecker[Iteration # 7: Number: 3; isPrime? true; WTF {2}]" time="0"/>
  <testcase classname="core.JUnitParameterization40.PrimeNumberCheckerTest" name="testPrimeNumberChecker[Iteration # 8: Number: 5; isPrime? true; WTF {2}]" time="0"/>
  <testcase classname="core.JUnitParameterization40.PrimeNumberCheckerTest" name="testPrimeNumberChecker[Iteration # 9: Number: 7; isPrime? true; WTF {2}]" time="0"/>
  <testcase classname="core.JUnitParameterization40.PrimeNumberCheckerTest" name="testPrimeNumberChecker[Iteration # 10: Number: 11; isPrime? true; WTF {2}]" time="0.001"/>
  <testcase classname="core.JUnitParameterization40.PrimeNumberCheckerTest" name="testPrimeNumberChecker[Iteration # 11: Number: 13; isPrime? true; WTF {2}]" time="0"/>
  <testcase classname="core.JUnitParameterization40.PrimeNumberCheckerTest" name="testPrimeNumberChecker[Iteration # 12: Number: 17; isPrime? true; WTF {2}]" time="0"/>
  <testcase classname="core.JUnitParameterization40.PrimeNumberCheckerTest" name="testPrimeNumberChecker[Iteration # 13: Number: 19; isPrime? true; WTF {2}]" time="0.001"/>
  <testcase classname="core.JUnitParameterization40.PrimeNumberCheckerTest" name="testPrimeNumberChecker[Iteration # 14: Number: 23; isPrime? true; WTF {2}]" time="0"/>
  <testcase classname="core.JUnitParameterization40.PrimeNumberCheckerTest" name="testPrimeNumberChecker[Iteration # 15: Number: 29; isPrime? true; WTF {2}]" time="0.002"/>
  <testcase classname="core.JUnitParameterization40.PrimeNumberCheckerTest" name="testPrimeNumberChecker[Iteration # 16: Number: 31; isPrime? true; WTF {2}]" time="0"/>
  <testcase classname="core.JUnitParameterization40.PrimeNumberCheckerTest" name="testPrimeNumberChecker[Iteration # 17: Number: 37; isPrime? true; WTF {2}]" time="0"/>
  <testcase classname="core.JUnitParameterization40.PrimeNumberCheckerTest" name="testPrimeNumberChecker[Iteration # 18: Number: 41; isPrime? true; WTF {2}]" time="0"/>
  <testcase classname="core.JUnitParameterization40.PrimeNumberCheckerTest" name="testPrimeNumberChecker[Iteration # 19: Number: 43; isPrime? true; WTF {2}]" time="0.001"/>
  <testcase classname="core.JUnitParameterization40.PrimeNumberCheckerTest" name="testPrimeNumberChecker[Iteration # 20: Number: 47; isPrime? true; WTF {2}]" time="0.005"/>
  <testcase classname="core.JUnitParameterization40.PrimeNumberCheckerTest" name="testPrimeNumberChecker[Iteration # 21: Number: 53; isPrime? true; WTF {2}]" time="0"/>
  <testcase classname="core.JUnitParameterization40.PrimeNumberCheckerTest" name="testPrimeNumberChecker[Iteration # 22: Number: 59; isPrime? true; WTF {2}]" time="0"/>
  <testcase classname="core.JUnitParameterization40.PrimeNumberCheckerTest" name="testPrimeNumberChecker[Iteration # 23: Number: 61; isPrime? true; WTF {2}]" time="0"/>
  <testcase classname="core.JUnitParameterization40.PrimeNumberCheckerTest" name="testPrimeNumberChecker[Iteration # 24: Number: 67; isPrime? true; WTF {2}]" time="0.003"/>
  <testcase classname="core.JUnitParameterization40.PrimeNumberCheckerTest" name="testPrimeNumberChecker[Iteration # 25: Number: 71; isPrime? true; WTF {2}]" time="0"/>
  <testcase classname="core.JUnitParameterization40.PrimeNumberCheckerTest" name="testPrimeNumberChecker[Iteration # 26: Number: 73; isPrime? true; WTF {2}]" time="0"/>
  <testcase classname="core.JUnitParameterization40.PrimeNumberCheckerTest" name="testPrimeNumberChecker[Iteration # 27: Number: 79; isPrime? true; WTF {2}]" time="0.001"/>
  <testcase classname="core.JUnitParameterization40.PrimeNumberCheckerTest" name="testPrimeNumberChecker[Iteration # 28: Number: 83; isPrime? true; WTF {2}]" time="0"/>
  <testcase classname="core.JUnitParameterization40.PrimeNumberCheckerTest" name="testPrimeNumberChecker[Iteration # 29: Number: 89; isPrime? true; WTF {2}]" time="0"/>
  <testcase classname="core.JUnitParameterization40.PrimeNumberCheckerTest" name="testPrimeNumberChecker[Iteration # 30: Number: 97; isPrime? true; WTF {2}]" time="0"/>
  <testcase classname="core.JUnitParameterization40.PrimeNumberCheckerTest" name="testPrimeNumberChecker[Iteration # 31: Number: 101; isPrime? true; WTF {2}]" time="0"/>
  <testcase classname="core.JUnitParameterization40.PrimeNumberCheckerTest" name="testPrimeNumberChecker[Iteration # 32: Number: 103; isPrime? true; WTF {2}]" time="0"/>
  <testcase classname="core.JUnitParameterization40.PrimeNumberCheckerTest" name="testPrimeNumberChecker[Iteration # 33: Number: 107; isPrime? true; WTF {2}]" time="0"/>
  <testcase classname="core.JUnitParameterization40.PrimeNumberCheckerTest" name="testPrimeNumberChecker[Iteration # 34: Number: 109; isPrime? true; WTF {2}]" time="0"/>
  <testcase classname="core.JUnitParameterization40.PrimeNumberCheckerTest" name="testPrimeNumberChecker[Iteration # 35: Number: 113; isPrime? true; WTF {2}]" time="0"/>
  <testcase classname="core.JUnitParameterization40.PrimeNumberCheckerTest" name="testPrimeNumberChecker[Iteration # 36: Number: 127; isPrime? true; WTF {2}]" time="0"/>
  <testcase classname="core.JUnitParameterization40.PrimeNumberCheckerTest" name="testPrimeNumberChecker[Iteration # 37: Number: 131; isPrime? true; WTF {2}]" time="0"/>
  <testcase classname="core.JUnitParameterization40.PrimeNumberCheckerTest" name="testPrimeNumberChecker[Iteration # 38: Number: 137; isPrime? true; WTF {2}]" time="0"/>
  <testcase classname="core.JUnitParameterization40.PrimeNumberCheckerTest" name="testPrimeNumberChecker[Iteration # 39: Number: 139; isPrime? true; WTF {2}]" time="0"/>
  <testcase classname="core.JUnitParameterization40.PrimeNumberCheckerTest" name="testPrimeNumberChecker[Iteration # 40: Number: 149; isPrime? true; WTF {2}]" time="0"/>
  <testcase classname="core.JUnitParameterization40.PrimeNumberCheckerTest" name="testPrimeNumberChecker[Iteration # 41: Number: 151; isPrime? true; WTF {2}]" time="0"/>
  <testcase classname="core.JUnitParameterization40.PrimeNumberCheckerTest" name="testPrimeNumberChecker[Iteration # 42: Number: 157; isPrime? true; WTF {2}]" time="0"/>
  <testcase classname="core.JUnitParameterization40.PrimeNumberCheckerTest" name="testPrimeNumberChecker[Iteration # 43: Number: 163; isPrime? true; WTF {2}]" time="0"/>
  <testcase classname="core.JUnitParameterization40.PrimeNumberCheckerTest" name="testPrimeNumberChecker[Iteration # 44: Number: 167; isPrime? true; WTF {2}]" time="0"/>
  <testcase classname="core.JUnitParameterization40.PrimeNumberCheckerTest" name="testPrimeNumberChecker[Iteration # 45: Number: 173; isPrime? true; WTF {2}]" time="0"/>
  <testcase classname="core.JUnitParameterization40.PrimeNumberCheckerTest" name="testPrimeNumberChecker[Iteration # 46: Number: 179; isPrime? true; WTF {2}]" time="0"/>
  <testcase classname="core.JUnitParameterization40.PrimeNumberCheckerTest" name="testPrimeNumberChecker[Iteration # 47: Number: 181; isPrime? true; WTF {2}]" time="0"/>
  <testcase classname="core.JUnitParameterization40.PrimeNumberCheckerTest" name="testPrimeNumberChecker[Iteration # 48: Number: 191; isPrime? true; WTF {2}]" time="0"/>
  <testcase classname="core.JUnitParameterization40.PrimeNumberCheckerTest" name="testPrimeNumberChecker[Iteration # 49: Number: 193; isPrime? true; WTF {2}]" time="0.001"/>
  <testcase classname="core.JUnitParameterization40.PrimeNumberCheckerTest" name="testPrimeNumberChecker[Iteration # 50: Number: 197; isPrime? true; WTF {2}]" time="0"/>
  <testcase classname="core.JUnitParameterization40.PrimeNumberCheckerTest" name="testPrimeNumberChecker[Iteration # 51: Number: 199; isPrime? true; WTF {2}]" time="0"/>
  <testcase classname="core.JUnitParameterization40.PrimeNumberCheckerTest" name="testPrimeNumberChecker[Iteration # 52: Number: 211; isPrime? true; WTF {2}]" time="0"/>
  <testcase classname="core.JUnitParameterization40.PrimeNumberCheckerTest" name="testPrimeNumberChecker[Iteration # 53: Number: 223; isPrime? true; WTF {2}]" time="0.001"/>
  <testcase classname="core.JUnitParameterization40.PrimeNumberCheckerTest" name="testPrimeNumberChecker[Iteration # 54: Number: 227; isPrime? true; WTF {2}]" time="0"/>
  <testcase classname="core.JUnitParameterization40.PrimeNumberCheckerTest" name="testPrimeNumberChecker[Iteration # 55: Number: 229; isPrime? true; WTF {2}]" time="0.001"/>
  <testcase classname="core.JUnitParameterization40.PrimeNumberCheckerTest" name="testPrimeNumberChecker[Iteration # 56: Number: 233; isPrime? true; WTF {2}]" time="0"/>
  <testcase classname="core.JUnitParameterization40.PrimeNumberCheckerTest" name="testPrimeNumberChecker[Iteration # 57: Number: 239; isPrime? true; WTF {2}]" time="0.001"/>
  <testcase classname="core.JUnitParameterization40.PrimeNumberCheckerTest" name="testPrimeNumberChecker[Iteration # 58: Number: 241; isPrime? true; WTF {2}]" time="0"/>
  <testcase classname="core.JUnitParameterization40.PrimeNumberCheckerTest" name="testPrimeNumberChecker[Iteration # 59: Number: 251; isPrime? true; WTF {2}]" time="0.001"/>
  <testcase classname="core.JUnitParameterization40.PrimeNumberCheckerTest" name="testPrimeNumberChecker[Iteration # 60: Number: 257; isPrime? true; WTF {2}]" time="0"/>
  <testcase classname="core.JUnitParameterization40.PrimeNumberCheckerTest" name="testPrimeNumberChecker[Iteration # 61: Number: 263; isPrime? true; WTF {2}]" time="0"/>
  <testcase classname="core.JUnitParameterization40.PrimeNumberCheckerTest" name="testPrimeNumberChecker[Iteration # 62: Number: 269; isPrime? true; WTF {2}]" time="0"/>
  <testcase classname="core.JUnitParameterization40.PrimeNumberCheckerTest" name="testPrimeNumberChecker[Iteration # 63: Number: 271; isPrime? true; WTF {2}]" time="0"/>
  <testcase classname="core.JUnitParameterization40.PrimeNumberCheckerTest" name="testPrimeNumberChecker[Iteration # 64: Number: 277; isPrime? true; WTF {2}]" time="0.001"/>
  <testcase classname="core.JUnitParameterization40.PrimeNumberCheckerTest" name="testPrimeNumberChecker[Iteration # 65: Number: 281; isPrime? true; WTF {2}]" time="0"/>
  <testcase classname="core.JUnitParameterization40.PrimeNumberCheckerTest" name="testPrimeNumberChecker[Iteration # 66: Number: 283; isPrime? true; WTF {2}]" time="0"/>
  <testcase classname="core.JUnitParameterization40.PrimeNumberCheckerTest" name="testPrimeNumberChecker[Iteration # 67: Number: 293; isPrime? true; WTF {2}]" time="0"/>
  <testcase classname="core.JUnitParameterization40.PrimeNumberCheckerTest" name="testPrimeNumberChecker[Iteration # 68: Number: 307; isPrime? true; WTF {2}]" time="0.001"/>
  <testcase classname="core.JUnitParameterization40.PrimeNumberCheckerTest" name="testPrimeNumberChecker[Iteration # 69: Number: 311; isPrime? true; WTF {2}]" time="0"/>
  <testcase classname="core.JUnitParameterization40.PrimeNumberCheckerTest" name="testPrimeNumberChecker[Iteration # 70: Number: 313; isPrime? true; WTF {2}]" time="0.001"/>
  <testcase classname="core.JUnitParameterization40.PrimeNumberCheckerTest" name="testPrimeNumberChecker[Iteration # 71: Number: 317; isPrime? true; WTF {2}]" time="0"/>
  <testcase classname="core.JUnitParameterization40.PrimeNumberCheckerTest" name="testPrimeNumberChecker[Iteration # 72: Number: 331; isPrime? true; WTF {2}]" time="0.001"/>
  <testcase classname="core.JUnitParameterization40.PrimeNumberCheckerTest" name="testPrimeNumberChecker[Iteration # 73: Number: 337; isPrime? true; WTF {2}]" time="0"/>
  <testcase classname="core.JUnitParameterization40.PrimeNumberCheckerTest" name="testPrimeNumberChecker[Iteration # 74: Number: 347; isPrime? true; WTF {2}]" time="0.001"/>
  <testcase classname="core.JUnitParameterization40.PrimeNumberCheckerTest" name="testPrimeNumberChecker[Iteration # 75: Number: 349; isPrime? true; WTF {2}]" time="0"/>
  <testcase classname="core.JUnitParameterization40.PrimeNumberCheckerTest" name="testPrimeNumberChecker[Iteration # 76: Number: 353; isPrime? true; WTF {2}]" time="0"/>
  <testcase classname="core.JUnitParameterization40.PrimeNumberCheckerTest" name="testPrimeNumberChecker[Iteration # 77: Number: 359; isPrime? true; WTF {2}]" time="0"/>
  <testcase classname="core.JUnitParameterization40.PrimeNumberCheckerTest" name="testPrimeNumberChecker[Iteration # 78: Number: 367; isPrime? true; WTF {2}]" time="0.001"/>
  <testcase classname="core.JUnitParameterization40.PrimeNumberCheckerTest" name="testPrimeNumberChecker[Iteration # 79: Number: 373; isPrime? true; WTF {2}]" time="0.002"/>
  <testcase classname="core.JUnitParameterization40.PrimeNumberCheckerTest" name="testPrimeNumberChecker[Iteration # 80: Number: 379; isPrime? true; WTF {2}]" time="0.001"/>
  <testcase classname="core.JUnitParameterization40.PrimeNumberCheckerTest" name="testPrimeNumberChecker[Iteration # 81: Number: 383; isPrime? true; WTF {2}]" time="0"/>
  <testcase classname="core.JUnitParameterization40.PrimeNumberCheckerTest" name="testPrimeNumberChecker[Iteration # 82: Number: 389; isPrime? true; WTF {2}]" time="0"/>
  <testcase classname="core.JUnitParameterization40.PrimeNumberCheckerTest" name="testPrimeNumberChecker[Iteration # 83: Number: 397; isPrime? true; WTF {2}]" time="0.001"/>
  <testcase classname="core.JUnitParameterization40.PrimeNumberCheckerTest" name="testPrimeNumberChecker[Iteration # 84: Number: 401; isPrime? true; WTF {2}]" time="0"/>
  <testcase classname="core.JUnitParameterization40.PrimeNumberCheckerTest" name="testPrimeNumberChecker[Iteration # 85: Number: 409; isPrime? true; WTF {2}]" time="0"/>
  <testcase classname="core.JUnitParameterization40.PrimeNumberCheckerTest" name="testPrimeNumberChecker[Iteration # 86: Number: 419; isPrime? true; WTF {2}]" time="0"/>
  <testcase classname="core.JUnitParameterization40.PrimeNumberCheckerTest" name="testPrimeNumberChecker[Iteration # 87: Number: 421; isPrime? true; WTF {2}]" time="0.001"/>
  <testcase classname="core.JUnitParameterization40.PrimeNumberCheckerTest" name="testPrimeNumberChecker[Iteration # 88: Number: 431; isPrime? true; WTF {2}]" time="0"/>
  <testcase classname="core.JUnitParameterization40.PrimeNumberCheckerTest" name="testPrimeNumberChecker[Iteration # 89: Number: 433; isPrime? true; WTF {2}]" time="0"/>
  <testcase classname="core.JUnitParameterization40.PrimeNumberCheckerTest" name="testPrimeNumberChecker[Iteration # 90: Number: 439; isPrime? true; WTF {2}]" time="0"/>
  <testcase classname="core.JUnitParameterization40.PrimeNumberCheckerTest" name="testPrimeNumberChecker[Iteration # 91: Number: 443; isPrime? true; WTF {2}]" time="0"/>
  <testcase classname="core.JUnitParameterization40.PrimeNumberCheckerTest" name="testPrimeNumberChecker[Iteration # 92: Number: 449; isPrime? true; WTF {2}]" time="0"/>
  <testcase classname="core.JUnitParameterization40.PrimeNumberCheckerTest" name="testPrimeNumberChecker[Iteration # 93: Number: 457; isPrime? true; WTF {2}]" time="0"/>
  <testcase classname="core.JUnitParameterization40.PrimeNumberCheckerTest" name="testPrimeNumberChecker[Iteration # 94: Number: 461; isPrime? true; WTF {2}]" time="0"/>
  <testcase classname="core.JUnitParameterization40.PrimeNumberCheckerTest" name="testPrimeNumberChecker[Iteration # 95: Number: 463; isPrime? true; WTF {2}]" time="0"/>
  <testcase classname="core.JUnitParameterization40.PrimeNumberCheckerTest" name="testPrimeNumberChecker[Iteration # 96: Number: 467; isPrime? true; WTF {2}]" time="0.001"/>
  <testcase classname="core.JUnitParameterization40.PrimeNumberCheckerTest" name="testPrimeNumberChecker[Iteration # 97: Number: 479; isPrime? true; WTF {2}]" time="0"/>
  <testcase classname="core.JUnitParameterization40.PrimeNumberCheckerTest" name="testPrimeNumberChecker[Iteration # 98: Number: 487; isPrime? true; WTF {2}]" time="0"/>
  <testcase classname="core.JUnitParameterization40.PrimeNumberCheckerTest" name="testPrimeNumberChecker[Iteration # 99: Number: 491; isPrime? true; WTF {2}]" time="0"/>
  <testcase classname="core.JUnitParameterization40.PrimeNumberCheckerTest" name="testPrimeNumberChecker[Iteration # 100: Number: 499; isPrime? true; WTF {2}]" time="0"/>
  <testcase classname="core.JUnitParameterization40.PrimeNumberCheckerTest" name="testPrimeNumberChecker[Iteration # 101: Number: 503; isPrime? true; WTF {2}]" time="0"/>
  <testcase classname="core.JUnitParameterization40.PrimeNumberCheckerTest" name="testPrimeNumberChecker[Iteration # 102: Number: 509; isPrime? true; WTF {2}]" time="0"/>
  <testcase classname="core.JUnitParameterization40.PrimeNumberCheckerTest" name="testPrimeNumberChecker[Iteration # 103: Number: 521; isPrime? true; WTF {2}]" time="0"/>
  <testcase classname="core.JUnitParameterization40.PrimeNumberCheckerTest" name="testPrimeNumberChecker[Iteration # 104: Number: 523; isPrime? true; WTF {2}]" time="0"/>
</testsuite>